-- The C compiler identification is GNU 11.4.0
-- The CXX compiler identification is GNU 11.4.0
-- Detecting C compiler ABI info
-- Detecting C compiler ABI info - done
-- Check for working C compiler: /usr/bin/cc - skipped
-- Detecting C compile features
-- Detecting C compile features - done
-- Detecting CXX compiler ABI info
-- Detecting CXX compiler ABI info - done
-- Check for working CXX compiler: /usr/bin/gcc-11 - skipped
-- Detecting CXX compile features
-- Detecting CXX compile features - done
-- Found ament_cmake: 1.3.12 (/opt/ros/humble/share/ament_cmake/cmake)
-- Found Python3: /usr/bin/python3 (found version "3.10.12") found components: Interpreter 
-- Override CMake install command with custom implementation using symlinks instead of copying resources
-- Found serial: 1.2.1 (/home/d/Finale/pi-code/install/serial/share/serial/cmake)
-- Found hardware_interface: 2.51.0 (/opt/ros/humble/share/hardware_interface/cmake)
-- Found rosidl_generator_c: 3.1.7 (/opt/ros/humble/share/rosidl_generator_c/cmake)
-- Found rosidl_adapter: 3.1.7 (/opt/ros/humble/share/rosidl_adapter/cmake)
-- Found rosidl_generator_cpp: 3.1.7 (/opt/ros/humble/share/rosidl_generator_cpp/cmake)
-- Using all available rosidl_typesupport_c: rosidl_typesupport_fastrtps_c;rosidl_typesupport_introspection_c
-- Using all available rosidl_typesupport_cpp: rosidl_typesupport_fastrtps_cpp;rosidl_typesupport_introspection_cpp
-- Found rmw_implementation_cmake: 6.1.2 (/opt/ros/humble/share/rmw_implementation_cmake/cmake)
-- Found rmw_cyclonedds_cpp: 1.3.4 (/opt/ros/humble/share/rmw_cyclonedds_cpp/cmake)
-- Using RMW implementation 'rmw_cyclonedds_cpp' as default
-- Looking for pthread.h
-- Looking for pthread.h - found
-- Performing Test CMAKE_HAVE_LIBC_PTHREAD
-- Performing Test CMAKE_HAVE_LIBC_PTHREAD - Success
-- Found Threads: TRUE  
-- Found controller_manager: 2.51.0 (/opt/ros/humble/share/controller_manager/cmake)
-- Configuring done
-- Generating done
-- Build files have been written to: /home/d/Finale/pi-code/build/diffdrive_arduino
[ 14%] [32mBuilding CXX object CMakeFiles/diffdrive_arduino.dir/src/diffdrive_arduino.cpp.o[0m
[ 28%] [32mBuilding CXX object CMakeFiles/diffdrive_arduino.dir/src/arduino_comms.cpp.o[0m
[ 42%] [32mBuilding CXX object CMakeFiles/diffdrive_arduino.dir/src/wheel.cpp.o[0m
[ 57%] [32m[1mLinking CXX shared library libdiffdrive_arduino.so[0m
[ 57%] Built target diffdrive_arduino
[ 71%] [32mBuilding CXX object CMakeFiles/fake_robot.dir/src/fake_robot.cpp.o[0m
In file included from [01m[K/home/d/Finale/pi-code/src/diffdrive_arduino/src/fake_robot.cpp:1[m[K:
[01m[K/home/d/Finale/pi-code/src/diffdrive_arduino/include/diffdrive_arduino/fake_robot.h:46:3:[m[K [01;31m[Kerror: [m[Kâ€˜[01m[Kfront_left_wheel_name[m[Kâ€™ does not name a type
   46 |   [01;31m[Kfront_left_wheel_name[m[K;
      |   [01;31m[K^~~~~~~~~~~~~~~~~~~~~[m[K
[01m[K/home/d/Finale/pi-code/src/diffdrive_arduino/include/diffdrive_arduino/fake_robot.h:47:3:[m[K [01;31m[Kerror: [m[Kâ€˜[01m[Kfront_right_wheel_name[m[Kâ€™ does not name a type
   47 |   [01;31m[Kfront_right_wheel_name[m[K;
      |   [01;31m[K^~~~~~~~~~~~~~~~~~~~~~[m[K
[01m[K/home/d/Finale/pi-code/src/diffdrive_arduino/include/diffdrive_arduino/fake_robot.h:48:3:[m[K [01;31m[Kerror: [m[Kâ€˜[01m[Kback_left_wheel_name[m[Kâ€™ does not name a type
   48 |   [01;31m[Kback_left_wheel_name[m[K;
      |   [01;31m[K^~~~~~~~~~~~~~~~~~~~[m[K
[01m[K/home/d/Finale/pi-code/src/diffdrive_arduino/include/diffdrive_arduino/fake_robot.h:49:3:[m[K [01;31m[Kerror: [m[Kâ€˜[01m[Kback_right_wheel_name[m[Kâ€™ does not name a type
   49 |   [01;31m[Kback_right_wheel_name[m[K;
      |   [01;31m[K^~~~~~~~~~~~~~~~~~~~~[m[K
[01m[K/home/d/Finale/pi-code/src/diffdrive_arduino/src/fake_robot.cpp:[m[K In member function â€˜[01m[Kvirtual hardware_interface::CallbackReturn FakeRobot::on_init(const hardware_interface::HardwareInfo&)[m[Kâ€™:
[01m[K/home/d/Finale/pi-code/src/diffdrive_arduino/src/fake_robot.cpp:32:3:[m[K [01;31m[Kerror: [m[Kâ€˜[01m[Kfront_l_wheel_[m[Kâ€™ was not declared in this scope
   32 |   [01;31m[Kfront_l_wheel_[m[K.setup(cfg_.front_left_wheel_name, cfg_.enc_counts_per_rev); // ** ** back wheels!
      |   [01;31m[K^~~~~~~~~~~~~~[m[K
[01m[K/home/d/Finale/pi-code/src/diffdrive_arduino/src/fake_robot.cpp:33:3:[m[K [01;31m[Kerror: [m[Kâ€˜[01m[Kfront_r_wheel_[m[Kâ€™ was not declared in this scope
   33 |   [01;31m[Kfront_r_wheel_[m[K.setup(cfg_.front_right_wheel_name, cfg_.enc_counts_per_rev);
      |   [01;31m[K^~~~~~~~~~~~~~[m[K
[01m[K/home/d/Finale/pi-code/src/diffdrive_arduino/src/fake_robot.cpp:35:3:[m[K [01;31m[Kerror: [m[Kâ€˜[01m[Kback_l_wheel_[m[Kâ€™ was not declared in this scope
   35 |   [01;31m[Kback_l_wheel_[m[K.setup(cfg_.back_left_wheel_name, cfg_.enc_counts_per_rev); // ** ** back wheels!
      |   [01;31m[K^~~~~~~~~~~~~[m[K
[01m[K/home/d/Finale/pi-code/src/diffdrive_arduino/src/fake_robot.cpp:36:3:[m[K [01;31m[Kerror: [m[Kâ€˜[01m[Kback_r_wheel_[m[Kâ€™ was not declared in this scope
   36 |   [01;31m[Kback_r_wheel_[m[K.setup(cfg_.back_right_wheel_name, cfg_.enc_counts_per_rev);
      |   [01;31m[K^~~~~~~~~~~~~[m[K
[01m[K/home/d/Finale/pi-code/src/diffdrive_arduino/src/fake_robot.cpp:[m[K In member function â€˜[01m[Kvirtual std::vector<hardware_interface::StateInterface> FakeRobot::export_state_interfaces()[m[Kâ€™:
[01m[K/home/d/Finale/pi-code/src/diffdrive_arduino/src/fake_robot.cpp:49:68:[m[K [01;31m[Kerror: [m[Kâ€˜[01m[Kfront_l_wheel_[m[Kâ€™ was not declared in this scope
   49 | _interfaces.emplace_back(hardware_interface::StateInterface([01;31m[Kfront_l_wheel_[m[K.name, hardware_interface::HW_IF_VELOCITY, &front_l_wheel_.vel));
      |                                                             [01;31m[K^~~~~~~~~~~~~~[m[K

[01m[K/home/d/Finale/pi-code/src/diffdrive_arduino/src/fake_robot.cpp:51:68:[m[K [01;31m[Kerror: [m[Kâ€˜[01m[Kfront_r_wheel_[m[Kâ€™ was not declared in this scope
   51 | _interfaces.emplace_back(hardware_interface::StateInterface([01;31m[Kfront_r_wheel_[m[K.name, hardware_interface::HW_IF_VELOCITY, &front_r_wheel_.vel));
      |                                                             [01;31m[K^~~~~~~~~~~~~~[m[K

[01m[K/home/d/Finale/pi-code/src/diffdrive_arduino/src/fake_robot.cpp:54:68:[m[K [01;31m[Kerror: [m[Kâ€˜[01m[Kback_l_wheel_[m[Kâ€™ was not declared in this scope
   54 | _interfaces.emplace_back(hardware_interface::StateInterface([01;31m[Kback_l_wheel_[m[K.name, hardware_interface::HW_IF_VELOCITY, &back_l_wheel_.vel));
      |                                                             [01;31m[K^~~~~~~~~~~~~[m[K

[01m[K/home/d/Finale/pi-code/src/diffdrive_arduino/src/fake_robot.cpp:56:68:[m[K [01;31m[Kerror: [m[Kâ€˜[01m[Kback_r_wheel_[m[Kâ€™ was not declared in this scope
   56 | _interfaces.emplace_back(hardware_interface::StateInterface([01;31m[Kback_r_wheel_[m[K.name, hardware_interface::HW_IF_VELOCITY, &back_r_wheel_.vel));
      |                                                             [01;31m[K^~~~~~~~~~~~~[m[K

[01m[K/home/d/Finale/pi-code/src/diffdrive_arduino/src/fake_robot.cpp:[m[K In member function â€˜[01m[Kvirtual std::vector<hardware_interface::CommandInterface> FakeRobot::export_command_interfaces()[m[Kâ€™:
[01m[K/home/d/Finale/pi-code/src/diffdrive_arduino/src/fake_robot.cpp:68:72:[m[K [01;31m[Kerror: [m[Kâ€˜[01m[Kfront_l_wheel_[m[Kâ€™ was not declared in this scope
   68 | nterfaces.emplace_back(hardware_interface::CommandInterface([01;31m[Kfront_l_wheel_[m[K.name, hardware_interface::HW_IF_VELOCITY, &front_l_wheel_.cmd));
      |                                                             [01;31m[K^~~~~~~~~~~~~~[m[K

[01m[K/home/d/Finale/pi-code/src/diffdrive_arduino/src/fake_robot.cpp:69:72:[m[K [01;31m[Kerror: [m[Kâ€˜[01m[Kfront_r_wheel_[m[Kâ€™ was not declared in this scope
   69 | nterfaces.emplace_back(hardware_interface::CommandInterface([01;31m[Kfront_r_wheel_[m[K.name, hardware_interface::HW_IF_VELOCITY, &front_r_wheel_.cmd));
      |                                                             [01;31m[K^~~~~~~~~~~~~~[m[K

[01m[K/home/d/Finale/pi-code/src/diffdrive_arduino/src/fake_robot.cpp:71:72:[m[K [01;31m[Kerror: [m[Kâ€˜[01m[Kback_l_wheel_[m[Kâ€™ was not declared in this scope
   71 | nterfaces.emplace_back(hardware_interface::CommandInterface([01;31m[Kback_l_wheel_[m[K.name, hardware_interface::HW_IF_VELOCITY, &back_l_wheel_.cmd));
      |                                                             [01;31m[K^~~~~~~~~~~~~[m[K

[01m[K/home/d/Finale/pi-code/src/diffdrive_arduino/src/fake_robot.cpp:72:72:[m[K [01;31m[Kerror: [m[Kâ€˜[01m[Kback_r_wheel_[m[Kâ€™ was not declared in this scope
   72 | nterfaces.emplace_back(hardware_interface::CommandInterface([01;31m[Kback_r_wheel_[m[K.name, hardware_interface::HW_IF_VELOCITY, &back_r_wheel_.cmd));
      |                                                             [01;31m[K^~~~~~~~~~~~~[m[K

[01m[K/home/d/Finale/pi-code/src/diffdrive_arduino/src/fake_robot.cpp:[m[K In member function â€˜[01m[Kvirtual hardware_interface::return_type FakeRobot::read(const rclcpp::Time&, const rclcpp::Duration&)[m[Kâ€™:
[01m[K/home/d/Finale/pi-code/src/diffdrive_arduino/src/fake_robot.cpp:105:3:[m[K [01;31m[Kerror: [m[Kâ€˜[01m[Kfront_l_wheel_[m[Kâ€™ was not declared in this scope
  105 |   [01;31m[Kfront_l_wheel_[m[K.pos = front_l_wheel_.pos + front_l_wheel_.vel * deltaSeconds;
      |   [01;31m[K^~~~~~~~~~~~~~[m[K
[01m[K/home/d/Finale/pi-code/src/diffdrive_arduino/src/fake_robot.cpp:106:3:[m[K [01;31m[Kerror: [m[Kâ€˜[01m[Kfront_r_wheel_[m[Kâ€™ was not declared in this scope
  106 |   [01;31m[Kfront_r_wheel_[m[K.pos = front_r_wheel_.pos + front_r_wheel_.vel * deltaSeconds;
      |   [01;31m[K^~~~~~~~~~~~~~[m[K
[01m[K/home/d/Finale/pi-code/src/diffdrive_arduino/src/fake_robot.cpp:108:3:[m[K [01;31m[Kerror: [m[Kâ€˜[01m[Kback_l_wheel_[m[Kâ€™ was not declared in this scope
  108 |   [01;31m[Kback_l_wheel_[m[K.pos = back_l_wheel_.pos + back_l_wheel_.vel * deltaSeconds;
      |   [01;31m[K^~~~~~~~~~~~~[m[K
[01m[K/home/d/Finale/pi-code/src/diffdrive_arduino/src/fake_robot.cpp:109:3:[m[K [01;31m[Kerror: [m[Kâ€˜[01m[Kback_r_wheel_[m[Kâ€™ was not declared in this scope
  109 |   [01;31m[Kback_r_wheel_[m[K.pos = back_r_wheel_.pos + back_r_wheel_.vel * deltaSeconds;
      |   [01;31m[K^~~~~~~~~~~~~[m[K
[01m[K/home/d/Finale/pi-code/src/diffdrive_arduino/src/fake_robot.cpp:[m[K In member function â€˜[01m[Kvirtual hardware_interface::return_type FakeRobot::write(const rclcpp::Time&, const rclcpp::Duration&)[m[Kâ€™:
[01m[K/home/d/Finale/pi-code/src/diffdrive_arduino/src/fake_robot.cpp:121:3:[m[K [01;31m[Kerror: [m[Kâ€˜[01m[Kfront_l_wheel_[m[Kâ€™ was not declared in this scope
  121 |   [01;31m[Kfront_l_wheel_[m[K.vel = front_l_wheel_.cmd;
      |   [01;31m[K^~~~~~~~~~~~~~[m[K
[01m[K/home/d/Finale/pi-code/src/diffdrive_arduino/src/fake_robot.cpp:122:3:[m[K [01;31m[Kerror: [m[Kâ€˜[01m[Kfront_r_wheel_[m[Kâ€™ was not declared in this scope
  122 |   [01;31m[Kfront_r_wheel_[m[K.vel = front_r_wheel_.cmd;
      |   [01;31m[K^~~~~~~~~~~~~~[m[K
[01m[K/home/d/Finale/pi-code/src/diffdrive_arduino/src/fake_robot.cpp:124:3:[m[K [01;31m[Kerror: [m[Kâ€˜[01m[Kback_l_wheel_[m[Kâ€™ was not declared in this scope
  124 |   [01;31m[Kback_l_wheel_[m[K.vel = back_l_wheel_.cmd;
      |   [01;31m[K^~~~~~~~~~~~~[m[K
[01m[K/home/d/Finale/pi-code/src/diffdrive_arduino/src/fake_robot.cpp:125:3:[m[K [01;31m[Kerror: [m[Kâ€˜[01m[Kback_r_wheel_[m[Kâ€™ was not declared in this scope
  125 |   [01;31m[Kback_r_wheel_[m[K.vel = back_r_wheel_.cmd;
      |   [01;31m[K^~~~~~~~~~~~~[m[K
gmake[2]: *** [CMakeFiles/fake_robot.dir/build.make:76: CMakeFiles/fake_robot.dir/src/fake_robot.cpp.o] Error 1
gmake[1]: *** [CMakeFiles/Makefile2:165: CMakeFiles/fake_robot.dir/all] Error 2
gmake: *** [Makefile:146: all] Error 2
